[debug] [2020-06-01T13:35:10.817Z] ----------------------------------------------------------------------
[debug] [2020-06-01T13:35:10.819Z] Command:       /Users/MattKuda/.nvm/versions/node/v12.14.1/bin/node /Users/MattKuda/.nvm/versions/node/v12.14.1/bin/firebase deploy
[debug] [2020-06-01T13:35:10.819Z] CLI Version:   8.4.0
[debug] [2020-06-01T13:35:10.819Z] Platform:      darwin
[debug] [2020-06-01T13:35:10.819Z] Node Version:  v12.14.1
[debug] [2020-06-01T13:35:10.820Z] Time:          Mon Jun 01 2020 09:35:10 GMT-0400 (Eastern Daylight Time)
[debug] [2020-06-01T13:35:10.820Z] ----------------------------------------------------------------------
[debug] [2020-06-01T13:35:10.820Z] 
[debug] [2020-06-01T13:35:10.827Z] > command requires scopes: ["email","openid","https://www.googleapis.com/auth/cloudplatformprojects.readonly","https://www.googleapis.com/auth/firebase","https://www.googleapis.com/auth/cloud-platform"]
[debug] [2020-06-01T13:35:10.827Z] > authorizing via signed-in user
[debug] [2020-06-01T13:35:10.828Z] [iam] checking project fir-project-9147f for permissions ["firebase.projects.get","firebasehosting.sites.update"]
[debug] [2020-06-01T13:35:10.830Z] >>> HTTP REQUEST POST https://cloudresourcemanager.googleapis.com/v1/projects/fir-project-9147f:testIamPermissions  
 {"permissions":["firebase.projects.get","firebasehosting.sites.update"]}
[debug] [2020-06-01T13:35:11.135Z] <<< HTTP RESPONSE 200 {"content-type":"application/json; charset=UTF-8","vary":"X-Origin, Referer, Origin,Accept-Encoding","date":"Mon, 01 Jun 2020 13:35:11 GMT","server":"ESF","cache-control":"private","x-xss-protection":"0","x-frame-options":"SAMEORIGIN","x-content-type-options":"nosniff","server-timing":"gfet4t7; dur=158","alt-svc":"h3-27=\":443\"; ma=2592000,h3-25=\":443\"; ma=2592000,h3-T050=\":443\"; ma=2592000,h3-Q050=\":443\"; ma=2592000,h3-Q049=\":443\"; ma=2592000,h3-Q048=\":443\"; ma=2592000,h3-Q046=\":443\"; ma=2592000,h3-Q043=\":443\"; ma=2592000,quic=\":443\"; ma=2592000; v=\"46,43\"","accept-ranges":"none","transfer-encoding":"chunked"}
[debug] [2020-06-01T13:35:11.138Z] >>> HTTP REQUEST GET https://firebase.googleapis.com/v1beta1/projects/fir-project-9147f  
 
[debug] [2020-06-01T13:35:11.390Z] <<< HTTP RESPONSE 200 {"content-type":"application/json; charset=UTF-8","vary":"X-Origin, Referer, Origin,Accept-Encoding","date":"Mon, 01 Jun 2020 13:35:11 GMT","server":"ESF","cache-control":"private","x-xss-protection":"0","x-frame-options":"SAMEORIGIN","x-content-type-options":"nosniff","alt-svc":"h3-27=\":443\"; ma=2592000,h3-25=\":443\"; ma=2592000,h3-T050=\":443\"; ma=2592000,h3-Q050=\":443\"; ma=2592000,h3-Q049=\":443\"; ma=2592000,h3-Q048=\":443\"; ma=2592000,h3-Q046=\":443\"; ma=2592000,h3-Q043=\":443\"; ma=2592000,quic=\":443\"; ma=2592000; v=\"46,43\"","accept-ranges":"none","transfer-encoding":"chunked"}
[info] 
[info] === Deploying to 'fir-project-9147f'...
[info] 
[info] i  deploying hosting 
[debug] [2020-06-01T13:35:11.395Z] >>> HTTP REQUEST POST https://firebasehosting.googleapis.com/v1beta1/sites/fir-project-9147f/versions  
 {"config":{"rewrites":[{"glob":"**","path":"/index.html"}]},"labels":{"deployment-tool":"cli-firebase"}}
[debug] [2020-06-01T13:35:12.298Z] <<< HTTP RESPONSE 200 {"content-type":"application/json; charset=UTF-8","vary":"X-Origin, Referer, Origin,Accept-Encoding","date":"Mon, 01 Jun 2020 13:35:12 GMT","server":"ESF","cache-control":"private","x-xss-protection":"0","x-frame-options":"SAMEORIGIN","x-content-type-options":"nosniff","alt-svc":"h3-27=\":443\"; ma=2592000,h3-25=\":443\"; ma=2592000,h3-T050=\":443\"; ma=2592000,h3-Q050=\":443\"; ma=2592000,h3-Q049=\":443\"; ma=2592000,h3-Q048=\":443\"; ma=2592000,h3-Q046=\":443\"; ma=2592000,h3-Q043=\":443\"; ma=2592000,quic=\":443\"; ma=2592000; v=\"46,43\"","accept-ranges":"none","transfer-encoding":"chunked"}
[info] i  hosting[fir-project-9147f]: beginning deploy... 
[info] i  hosting[fir-project-9147f]: found 31 files in build 
[debug] [2020-06-01T13:35:13.128Z] [hosting] hash cache [YnVpbGQ] stored for 31 files
[debug] [2020-06-01T13:35:13.128Z] [hosting][hash queue][FINAL] {"max":808,"min":18,"avg":119.16129032258064,"active":0,"complete":31,"success":31,"errored":0,"retried":0,"total":31,"elapsed":816}
[debug] [2020-06-01T13:35:13.128Z] >>> HTTP REQUEST POST https://firebasehosting.googleapis.com/v1beta1/projects/574834201796/sites/fir-project-9147f/versions/0b70063a6e55129c:populateFiles  
 <request body omitted>
[debug] [2020-06-01T13:35:13.791Z] <<< HTTP RESPONSE 200 {"content-type":"application/json; charset=UTF-8","vary":"X-Origin, Referer, Origin,Accept-Encoding","date":"Mon, 01 Jun 2020 13:35:13 GMT","server":"ESF","cache-control":"private","x-xss-protection":"0","x-frame-options":"SAMEORIGIN","x-content-type-options":"nosniff","alt-svc":"h3-27=\":443\"; ma=2592000,h3-25=\":443\"; ma=2592000,h3-T050=\":443\"; ma=2592000,h3-Q050=\":443\"; ma=2592000,h3-Q049=\":443\"; ma=2592000,h3-Q048=\":443\"; ma=2592000,h3-Q046=\":443\"; ma=2592000,h3-Q043=\":443\"; ma=2592000,quic=\":443\"; ma=2592000; v=\"46,43\"","accept-ranges":"none","transfer-encoding":"chunked"}
[debug] [2020-06-01T13:35:13.796Z] [hosting][populate queue][FINAL] {"max":665,"min":665,"avg":665,"active":0,"complete":1,"success":1,"errored":0,"retried":0,"total":1,"elapsed":669}
[debug] [2020-06-01T13:35:13.796Z] [hosting] uploads queued: 10
